#
# A fatal error has been detected by the Java Runtime Environment:
#
#  EXCEPTION_ACCESS_VIOLATION (0xc0000005) at pc=0x00007ffb5fc1cb66, pid=12004, tid=23632
#
# JRE version: OpenJDK Runtime Environment Temurin-17.0.10+7 (17.0.10+7) (build 17.0.10+7)
# Java VM: OpenJDK 64-Bit Server VM Temurin-17.0.10+7 (17.0.10+7, mixed mode, sharing, tiered, compressed oops, compressed class ptrs, g1 gc, windows-amd64)
# Problematic frame:
# V  [jvm.dll+0xcb66]
#
# No core dump will be written. Minidumps are not enabled by default on client versions of Windows
#
# If you would like to submit a bug report, please visit:
#   https://github.com/adoptium/adoptium-support/issues
#

---------------  S U M M A R Y ------------

Command Line: -Dforge.logging.console.level=debug -Dforge.logging.markers=REGISTRIES -DignoreList=bootstraplauncher,securejarhandler,asm-commons,asm-util,asm-analysis,asm-tree,asm,JarJarFileSystems,client-extra,fmlcore,javafmllanguage,lowcodelanguage,mclanguage,forge- -Djava.net.preferIPv6Addresses=system -DlegacyClassPath.file=A:\WORKSPACE-PERSONAL\Minecraft\Mods\urumod\build\classpath\runData_minecraftClasspath.txt -DmergeModules=jna-5.10.0.jar,jna-platform-5.10.0.jar --module-path=C:\Users\agus4\.gradle\caches\modules-2\files-2.1\cpw.mods\bootstraplauncher\1.1.2\c546e00443d8432cda6baa1c860346980742628\bootstraplauncher-1.1.2.jar;C:\Users\agus4\.gradle\caches\modules-2\files-2.1\cpw.mods\securejarhandler\2.1.6\66c15fc1f522b586476e9e4cccd0cbe192554e8a\securejarhandler-2.1.6.jar;C:\Users\agus4\.gradle\caches\modules-2\files-2.1\org.ow2.asm\asm-commons\9.5\19ab5b5800a3910d30d3a3e64fdb00fd0cb42de0\asm-commons-9.5.jar;C:\Users\agus4\.gradle\caches\modules-2\files-2.1\org.ow2.asm\asm-util\9.5\64b5a1fc8c1b15ed2efd6a063e976bc8d3dc5ffe\asm-util-9.5.jar;C:\Users\agus4\.gradle\caches\modules-2\files-2.1\org.ow2.asm\asm-analysis\9.5\490bacc77de7cbc0be1a30bb3471072d705be4a4\asm-analysis-9.5.jar;C:\Users\agus4\.gradle\caches\modules-2\files-2.1\org.ow2.asm\asm-tree\9.5\fd33c8b6373abaa675be407082fdfda35021254a\asm-tree-9.5.jar;C:\Users\agus4\.gradle\caches\modules-2\files-2.1\org.ow2.asm\asm\9.5\dc6ea1875f4d64fbc85e1691c95b96a3d8569c90\asm-9.5.jar;C:\Users\agus4\.gradle\caches\modules-2\files-2.1\net.minecraftforge\JarJarFileSystems\0.3.19\2464eb7d6b9ddb9db36a82cf8a95193e5c6fe020\JarJarFileSystems-0.3.19.jar --add-modules=ALL-MODULE-PATH --add-opens=java.base/java.util.jar=cpw.mods.securejarhandler --add-opens=java.base/java.lang.invoke=cpw.mods.securejarhandler --add-exports=java.base/sun.security.util=cpw.mods.securejarhandler --add-exports=jdk.naming.dns/com.sun.jndi.dns=java.naming -Dfile.encoding=windows-1252 -Duser.country=US -Duser.language=en -Duser.variant cpw.mods.bootstraplauncher.BootstrapLauncher --launchTarget forgedatauserdev --assetIndex 5 --assetsDir C:\Users\agus4\.gradle\caches\forge_gradle\assets --gameDir . --fml.forgeVersion 46.0.1 --fml.mcVersion 1.20 --fml.forgeGroup net.minecraftforge --fml.mcpVersion 20230608.053357 --mod urumod --all --output A:\WORKSPACE-PERSONAL\Minecraft\Mods\urumod\src\generated\resources --existing A:\WORKSPACE-PERSONAL\Minecraft\Mods\urumod\src\main\resources

Host: AMD Ryzen 5 5600X 6-Core Processor             , 12 cores, 31G,  Windows 11 , 64 bit Build 26100 (10.0.26100.2992)
Time: Thu Feb 20 11:26:03 2025 Montevideo Standard Time elapsed time: 5.108125 seconds (0d 0h 0m 5s)

---------------  T H R E A D  ---------------

Current thread (0x00000242913af470):  GCTaskThread "GC Thread#0" [stack: 0x000000b529200000,0x000000b529300000] [id=23632]

Stack: [0x000000b529200000,0x000000b529300000],  sp=0x000000b5292ff978,  free space=1022k
Native frames: (J=compiled Java code, j=interpreted, Vv=VM code, C=native code)
V  [jvm.dll+0xcb66]


siginfo: EXCEPTION_ACCESS_VIOLATION (0xc0000005), reading address 0x000002437f337706


Registers:
RAX=0x0000000000000000, RBX=0x0000000000000001, RCX=0x000000060e84ea68, RDX=0x000000060e84ea68
RSP=0x000000b5292ff978, RBP=0x000002437f3376fe, RSI=0x0000024309309760, RDI=0x0000024309309760
R8 =0x000000060e84ea68, R9 =0x000002437f3376fe, R10=0x000000060e84ea68, R11=0x0000000000000001
R12=0x0000000000000004, R13=0x000000b5292ffb80, R14=0x0000000000000000, R15=0x000000060e84ea68
RIP=0x00007ffb5fc1cb66, EFLAGS=0x0000000000010202


Register to memory mapping:

RIP=0x00007ffb5fc1cb66 jvm.dll
RAX=0x0 is NULL
RBX=0x0000000000000001 is an unknown value
RCX=0x000000060e84ea68 is pointing into object: com.google.common.collect.ImmutableMapEntry 
{0x000000060e84ea60} - klass: 'com/google/common/collect/ImmutableMapEntry'
 - ---- fields (total size 3 words):
 - final 'key' 'Ljava/lang/Object;' @12  a 'net/minecraft/world/level/block/state/properties/BooleanProperty'{0x0000000608355ea0} (c106abd4)
 - final 'value' 'Ljava/lang/Object;' @16  a 'java/lang/Integer'{0x00000006019bb7f0} = 3 (c03376fe)
RDX=0x000000060e84ea68 is pointing into object: com.google.common.collect.ImmutableMapEntry 
{0x000000060e84ea60} - klass: 'com/google/common/collect/ImmutableMapEntry'
 - ---- fields (total size 3 words):
 - final 'key' 'Ljava/lang/Object;' @12  a 'net/minecraft/world/level/block/state/properties/BooleanProperty'{0x0000000608355ea0} (c106abd4)
 - final 'value' 'Ljava/lang/Object;' @16  a 'java/lang/Integer'{0x00000006019bb7f0} = 3 (c03376fe)
RSP=0x000000b5292ff978 points into unknown readable memory: 0x00007ffb5ff1916c | 6c 91 f1 5f fb 7f 00 00
RBP=0x000002437f3376fe is an unknown value
RSI=0x0000024309309760 points into unknown readable memory: 0x00007ffb605698a8 | a8 98 56 60 fb 7f 00 00
RDI=0x0000024309309760 points into unknown readable memory: 0x00007ffb605698a8 | a8 98 56 60 fb 7f 00 00
R8 =0x000000060e84ea68 is pointing into object: com.google.common.collect.ImmutableMapEntry 
{0x000000060e84ea60} - klass: 'com/google/common/collect/ImmutableMapEntry'
 - ---- fields (total size 3 words):
 - final 'key' 'Ljava/lang/Object;' @12  a 'net/minecraft/world/level/block/state/properties/BooleanProperty'{0x0000000608355ea0} (c106abd4)
 - final 'value' 'Ljava/lang/Object;' @16  a 'java/lang/Integer'{0x00000006019bb7f0} = 3 (c03376fe)
R9 =0x000002437f3376fe is an unknown value
R10=0x000000060e84ea68 is pointing into object: com.google.common.collect.ImmutableMapEntry 
{0x000000060e84ea60} - klass: 'com/google/common/collect/ImmutableMapEntry'
 - ---- fields (total size 3 words):
 - final 'key' 'Ljava/lang/Object;' @12  a 'net/minecraft/world/level/block/state/properties/BooleanProperty'{0x0000000608355ea0} (c106abd4)
 - final 'value' 'Ljava/lang/Object;' @16  a 'java/lang/Integer'{0x00000006019bb7f0} = 3 (c03376fe)
R11=0x0000000000000001 is an unknown value
R12=0x0000000000000004 is an unknown value
R13=0x000000b5292ffb80 points into unknown readable memory: 0x00007ffb605630d8 | d8 30 56 60 fb 7f 00 00
R14=0x0 is NULL
R15=0x000000060e84ea68 is pointing into object: com.google.common.collect.ImmutableMapEntry 
{0x000000060e84ea60} - klass: 'com/google/common/collect/ImmutableMapEntry'
 - ---- fields (total size 3 words):
 - final 'key' 'Ljava/lang/Object;' @12  a 'net/minecraft/world/level/block/state/properties/BooleanProperty'{0x0000000608355ea0} (c106abd4)
 - final 'value' 'Ljava/lang/Object;' @16  a 'java/lang/Integer'{0x00000006019bb7f0} = 3 (c03376fe)


Top of Stack: (sp=0x000000b5292ff978)
0x000000b5292ff978:   00007ffb5ff1916c 0000000000000000
0x000000b5292ff988:   0000000000000001 00000242c0251298
0x000000b5292ff998:   00000243093098e0 0000024200000000
0x000000b5292ff9a8:   00007ffb00000000 0000000000000001
0x000000b5292ff9b8:   00000242bbbb7eb0 0000024309309760
0x000000b5292ff9c8:   00007ffb5ff19517 0000000000000000
0x000000b5292ff9d8:   0000000000000000 0000000000000000
0x000000b5292ff9e8:   000000b5292ffb80 0000000000000004
0x000000b5292ff9f8:   0000024309309760 000000060a1ceb40
0x000000b5292ffa08:   0000000000002a99 000000060a1ceb41
0x000000b5292ffa18:   00007ffb5ff1a1f2 000000060f360000
0x000000b5292ffa28:   0000000000000001 0000000000000008
0x000000b5292ffa38:   c106abd401251298 000000000000000e
0x000000b5292ffa48:   0000024309309760 00000000000100a2
0x000000b5292ffa58:   00000000030180a2 0000024291341260
0x000000b5292ffa68:   00007ffb5ff19da8 0000080a00000000
0x000000b5292ffa78:   0000024309309760 0000000000000008
0x000000b5292ffa88:   000000455d04d201 000000b5292ffb00
0x000000b5292ffa98:   00007ffb5feed424 000000060301445d
0x000000b5292ffaa8:   00007ffb60567238 000000b5297fe800
0x000000b5292ffab8:   0000000000000000 0000000000000007
0x000000b5292ffac8:   00007ffb5ff0ea87 0000000000000000
0x000000b5292ffad8:   0000000000000000 000000b500000000
0x000000b5292ffae8:   00007ffb6040282e 0000000000000000
0x000000b5292ffaf8:   0000000000000000 0000024291353480
0x000000b5292ffb08:   000002430438d050 00000000000003d8
0x000000b5292ffb18:   0000024291353868 000000b5297fe850
0x000000b5292ffb28:   0000000000000013 0000000000000000
0x000000b5292ffb38:   00007ffb5feedbca 0000000000000004
0x000000b5292ffb48:   0000024309309760 0000024309309760
0x000000b5292ffb58:   0000000000000000 00007ffb6056a970
0x000000b5292ffb68:   0000000000000001 0000000002ff7c13 

Instructions: (pc=0x00007ffb5fc1cb66)
0x00007ffb5fc1ca66:   cc cc cc cc cc cc cc cc cc cc 4c 8b 01 4c 8b c9
0x00007ffb5fc1ca76:   48 8b 0d 53 60 b6 00 ba 64 60 08 00 e9 49 f1 ff
0x00007ffb5fc1ca86:   ff cc cc cc cc cc cc cc cc cc 8b 05 62 a8 b0 00
0x00007ffb5fc1ca96:   c3 cc cc cc cc cc cc cc cc cc 0f b6 05 db 68 b7
0x00007ffb5fc1caa6:   00 48 8b d1 84 c0 74 16 44 8b 41 08 8b 0d 40 a8
0x00007ffb5fc1cab6:   b0 00 49 d3 e0 4c 03 05 2e a8 b0 00 eb 04 4c 8b
0x00007ffb5fc1cac6:   41 08 45 8b 50 08 45 85 d2 7e 0e 41 f6 c2 01 75
0x00007ffb5fc1cad6:   53 41 c1 fa 03 41 8b c2 c3 79 49 84 c0 b9 10 00
0x00007ffb5fc1cae6:   00 00 8b 05 46 b7 b0 00 41 b8 0c 00 00 00 41 0f
0x00007ffb5fc1caf6:   45 c8 ff c8 4c 63 c8 48 63 14 11 41 8b ca 83 e1
0x00007ffb5fc1cb06:   3f 48 d3 e2 41 8b ca 48 c1 f9 10 0f b6 c1 49 8d
0x00007ffb5fc1cb16:   0c 11 49 f7 d1 48 03 c1 49 c1 e9 03 48 c1 e8 03
0x00007ffb5fc1cb26:   41 23 c1 c3 49 8b 00 49 8b c8 48 ff a0 00 01 00
0x00007ffb5fc1cb36:   00 cc cc cc cc cc cc cc cc cc 8b 44 24 30 45 03
0x00007ffb5fc1cb46:   c9 44 2b 4c 24 28 83 c0 0b 44 03 ca 45 03 c8 41
0x00007ffb5fc1cb56:   03 c1 c3 cc cc cc cc cc cc cc 4c 8b ca 48 8b d1
0x00007ffb5fc1cb66:   45 8b 41 08 45 85 c0 7e 0e 41 f6 c0 01 75 56 41
0x00007ffb5fc1cb76:   c1 f8 03 41 8b c0 c3 79 4c 80 3d fc 67 b7 00 00
0x00007ffb5fc1cb86:   b8 0c 00 00 00 b9 10 00 00 00 0f 45 c8 8b 05 9b
0x00007ffb5fc1cb96:   b6 b0 00 ff c8 4c 63 c8 48 63 14 11 41 8b c8 83
0x00007ffb5fc1cba6:   e1 3f 48 d3 e2 41 8b c8 48 c1 f9 10 0f b6 c1 49
0x00007ffb5fc1cbb6:   8d 0c 11 49 f7 d1 48 03 c1 49 c1 e9 03 48 c1 e8
0x00007ffb5fc1cbc6:   03 41 23 c1 c3 49 8b 01 49 8b c9 48 ff a0 00 01
0x00007ffb5fc1cbd6:   00 00 cc cc cc cc cc cc cc cc 48 8b 41 08 0f b7
0x00007ffb5fc1cbe6:   48 2a 0f b7 40 28 83 c0 48 03 c1 c3 cc cc cc cc
0x00007ffb5fc1cbf6:   cc cc cc cc cc cc cc cc cc cc 48 89 5c 24 08 57
0x00007ffb5fc1cc06:   48 83 ec 20 0f b6 05 df 4f bb 00 48 8b fa 48 8b
0x00007ffb5fc1cc16:   d9 84 c0 74 4f 48 85 15 f6 47 bb 00 74 38 48 8b
0x00007ffb5fc1cc26:   ca e8 54 99 85 00 48 8b d0 48 85 db 74 25 48 85
0x00007ffb5fc1cc36:   c0 74 20 48 8b c7 f0 48 0f b1 13 74 16 48 85 05
0x00007ffb5fc1cc46:   ce 47 bb 00 74 0d 48 8b c8 f0 48 0f b1 13 48 3b
0x00007ffb5fc1cc56:   c1 75 ea 48 8b fa 48 8b c7 48 8b 5c 24 30 48 83 


Stack slot to memory mapping:
stack at sp + 0 slots: 0x00007ffb5ff1916c jvm.dll
stack at sp + 1 slots: 0x0 is NULL
stack at sp + 2 slots: 0x0000000000000001 is an unknown value
stack at sp + 3 slots: 0x00000242c0251298 is a pointer to class: 
com.google.common.collect.ImmutableMapEntry {0x00000242c02512a0}
 - instance size:     3
 - klass size:        78
 - access:            synchronized 
 - state:             fully_initialized
 - name:              'com/google/common/collect/ImmutableMapEntry'
 - super:             'com/google/common/collect/ImmutableEntry'
 - sub:               'com/google/common/collect/ImmutableMapEntry$NonTerminalImmutableMapEntry'   
 - arrays:            'com/google/common/collect/ImmutableMapEntry'[]
 - methods:           Array<T>(0x0000024300f7df60)
 - method ordering:   Array<T>(0x00000242bf909c10)
 - default_methods:   Array<T>(0x0000000000000000)
 - local interfaces:  Array<T>(0x00000242bf5cc2e0)
 - trans. interfaces: Array<T>(0x0000024300f7f598)
 - constants:         constant pool [64] {0x0000024300f7dce0} for 'com/google/common/collect/ImmutableMapEntry' cache=0x0000024300f7f820
 - class loader data:  loader data: 0x0000024304564ee0 for instance a 'cpw/mods/cl/ModuleClassLoader'{0x0000000601c00088}
 - source file:       'ImmutableMapEntry.java'
 - class annotations:       Array<T>(0x0000024300f7e3d0)
 - class type annotations:  Array<T>(0x0000000000000000)
 - field annotations:       Array<T>(0x0000000000000000)
 - field type annotations:  Array<T>(0x0000000000000000)
 - generic signature: '<K:Ljava/lang/Object;V:Ljava/lang/Object;>Lcom/google/common/collect/ImmutableEntry<TK;TV;>;'
 - inner classes:     Array<T>(0x0000024300f7e3e0)
 - nest members:     Array<T>(0x00000242bf5cc270)
 - permitted subclasses:     Array<T>(0x00000242bf5cc270)
 - java mirror:       a 'java/lang/Class'{0x00000006044f8e20} = 'com/google/common/collect/ImmutableMapEntry'
 - vtable length      11  (start addr: 0x00000242c0251460)
 - itable length      9 (start addr: 0x00000242c02514b8)
 - ---- static fields (0 words):
 - ---- non-static fields (2 words):
 - final 'key' 'Ljava/lang/Object;' @12 
 - final 'value' 'Ljava/lang/Object;' @16 
 - non-static oop maps: 12-16 
stack at sp + 4 slots: 0x00000243093098e0 points into unknown readable memory: 0x00007ffb60569860 | 60 98 56 60 fb 7f 00 00
stack at sp + 5 slots: 0x0000024200000000 is an unknown value
stack at sp + 6 slots: 0x00007ffb00000000 is an unknown value
stack at sp + 7 slots: 0x0000000000000001 is an unknown value


---------------  P R O C E S S  ---------------

Threads class SMR info:
_java_thread_list=0x000002430734de30, length=17, elements={
0x0000024291341430, 0x00000242bbceffe0, 0x00000242bbcf1420, 0x00000242be8314f0,
0x00000242be833dd0, 0x00000242be835210, 0x00000242be836650, 0x00000242be839670,
0x00000242be84c840, 0x00000242be8576e0, 0x00000242be93a1e0, 0x00000242be84b300,
0x00000242beabc6b0, 0x00000242be849dc0, 0x0000024306ce9fe0, 0x000002430676c820,
0x00000243074e1bd0
}

Java Threads: ( => current thread )
  0x0000024291341430 JavaThread "main" [_thread_blocked, id=13996, stack(0x000000b529100000,0x000000b529200000)]
  0x00000242bbceffe0 JavaThread "Reference Handler" daemon [_thread_blocked, id=6404, stack(0x000000b529800000,0x000000b529900000)]
  0x00000242bbcf1420 JavaThread "Finalizer" daemon [_thread_blocked, id=20896, stack(0x000000b529900000,0x000000b529a00000)]
  0x00000242be8314f0 JavaThread "Signal Dispatcher" daemon [_thread_blocked, id=17568, stack(0x000000b529a00000,0x000000b529b00000)]
  0x00000242be833dd0 JavaThread "Attach Listener" daemon [_thread_blocked, id=2448, stack(0x000000b529b00000,0x000000b529c00000)]
  0x00000242be835210 JavaThread "Service Thread" daemon [_thread_blocked, id=17584, stack(0x000000b529c00000,0x000000b529d00000)]
  0x00000242be836650 JavaThread "Monitor Deflation Thread" daemon [_thread_blocked, id=21916, stack(0x000000b529d00000,0x000000b529e00000)]
  0x00000242be839670 JavaThread "C2 CompilerThread0" daemon [_thread_blocked, id=23740, stack(0x000000b529e00000,0x000000b529f00000)]
  0x00000242be84c840 JavaThread "C1 CompilerThread0" daemon [_thread_blocked, id=30948, stack(0x000000b529f00000,0x000000b52a000000)]
  0x00000242be8576e0 JavaThread "Sweeper thread" daemon [_thread_blocked, id=3388, stack(0x000000b52a000000,0x000000b52a100000)]
  0x00000242be93a1e0 JavaThread "Common-Cleaner" daemon [_thread_blocked, id=30880, stack(0x000000b52a100000,0x000000b52a200000)]
  0x00000242be84b300 JavaThread "C2 CompilerThread1" daemon [_thread_in_native, id=26492, stack(0x000000b52a200000,0x000000b52a300000)]
  0x00000242beabc6b0 JavaThread "Notification Thread" daemon [_thread_blocked, id=29976, stack(0x000000b52a300000,0x000000b52a400000)]
  0x00000242be849dc0 JavaThread "C2 CompilerThread2" daemon [_thread_blocked, id=2588, stack(0x000000b52ae00000,0x000000b52af00000)]
  0x0000024306ce9fe0 JavaThread "Thread-0" daemon [_thread_blocked, id=14772, stack(0x000000b52af00000,0x000000b52b000000)]
  0x000002430676c820 JavaThread "FileSystemWatchService" daemon [_thread_in_native, id=31724, stack(0x000000b52b000000,0x000000b52b100000)]
  0x00000243074e1bd0 JavaThread "pool-2-thread-1" daemon [_thread_blocked, id=13108, stack(0x000000b52b400000,0x000000b52b500000)]

Other Threads:
  0x00000242bbceaf00 VMThread "VM Thread" [stack: 0x000000b529700000,0x000000b529800000] [id=31264]
  0x00000242913421c0 WatcherThread [stack: 0x000000b52a400000,0x000000b52a500000] [id=30784]
=>0x00000242913af470 GCTaskThread "GC Thread#0" [stack: 0x000000b529200000,0x000000b529300000] [id=23632]
  0x000002430438d400 GCTaskThread "GC Thread#1" [stack: 0x000000b52a500000,0x000000b52a600000] [id=23604]
  0x0000024304701720 GCTaskThread "GC Thread#2" [stack: 0x000000b52a600000,0x000000b52a700000] [id=21816]
  0x00000243047019e0 GCTaskThread "GC Thread#3" [stack: 0x000000b52a700000,0x000000b52a800000] [id=30068]
  0x0000024304701ca0 GCTaskThread "GC Thread#4" [stack: 0x000000b52a800000,0x000000b52a900000] [id=15552]
  0x0000024304701f60 GCTaskThread "GC Thread#5" [stack: 0x000000b52a900000,0x000000b52aa00000] [id=2632]
  0x000002430454cad0 GCTaskThread "GC Thread#6" [stack: 0x000000b52aa00000,0x000000b52ab00000] [id=30224]
  0x00000243045f1550 GCTaskThread "GC Thread#7" [stack: 0x000000b52ab00000,0x000000b52ac00000] [id=30292]
  0x00000243045f1810 GCTaskThread "GC Thread#8" [stack: 0x000000b52ac00000,0x000000b52ad00000] [id=31148]
  0x00000243045f1ad0 GCTaskThread "GC Thread#9" [stack: 0x000000b52ad00000,0x000000b52ae00000] [id=5268]
  0x00000242913bcf30 ConcurrentGCThread "G1 Main Marker" [stack: 0x000000b529300000,0x000000b529400000] [id=30352]
  0x00000242913be000 ConcurrentGCThread "G1 Conc#0" [stack: 0x000000b529400000,0x000000b529500000] [id=21860]
  0x000002430576ac40 ConcurrentGCThread "G1 Conc#1" [stack: 0x000000b52b100000,0x000000b52b200000] [id=5800]
  0x0000024305769bc0 ConcurrentGCThread "G1 Conc#2" [stack: 0x000000b52b300000,0x000000b52b400000] [id=28888]
  0x00000242bbc22bd0 ConcurrentGCThread "G1 Refine#0" [stack: 0x000000b529500000,0x000000b529600000] [id=372]
  0x000002430403a530 ConcurrentGCThread "G1 Refine#1" [stack: 0x000000b52b200000,0x000000b52b300000] [id=29280]
  0x00000242bbc23510 ConcurrentGCThread "G1 Service" [stack: 0x000000b529600000,0x000000b529700000] [id=6320]

Threads with active compile tasks:
C2 CompilerThread0     5164 8449       4       net.minecraft.world.phys.shapes.Shapes::box (46 bytes)
C2 CompilerThread1     5164 8074 %     4       org.objectweb.asm.ClassReader::readCode @ 2238 (5117 bytes)
C2 CompilerThread2     5164 8451       4       net.minecraft.world.phys.shapes.BitSetDiscreteVoxelShape::forAllBoxes (270 bytes)

VM state: at safepoint (normal execution)

VM Mutex/Monitor currently owned by a thread:  ([mutex/lock_event])
[0x000002429133c8a0] Threads_lock - owner thread: 0x00000242bbceaf00
[0x000002429133bfa0] Heap_lock - owner thread: 0x0000024291341430

Heap address: 0x0000000601000000, size: 8176 MB, Compressed Oops mode: Zero based, Oop shift amount: 3

CDS archive(s) mapped at: [0x00000242bf000000-0x00000242bfbb0000-0x00000242bfbb0000), size 12255232, SharedBaseAddress: 0x00000242bf000000, ArchiveRelocationMode: 1.
Compressed class space mapped at: 0x00000242c0000000-0x0000024300000000, reserved size: 1073741824
Narrow klass base: 0x00000242bf000000, Narrow klass shift: 0, Narrow klass range: 0x100000000

GC Precious Log:
 CPUs: 12 total, 12 available
 Memory: 32692M
 Large Page Support: Disabled
 NUMA Support: Disabled
 Compressed Oops: Enabled (Zero based)
 Heap Region Size: 4M
 Heap Min Capacity: 8M
 Heap Initial Capacity: 512M
 Heap Max Capacity: 8176M
 Pre-touch: Disabled
 Parallel Workers: 10
 Concurrent Workers: 3
 Concurrent Refinement Workers: 10
 Periodic GC: Disabled

Heap:
 garbage-first heap   total 315392K, used 248360K [0x0000000601000000, 0x0000000800000000)
  region size 4096K, 42 young (172032K), 5 survivors (20480K)
 Metaspace       used 41801K, committed 42944K, reserved 1114112K
  class space    used 5460K, committed 5952K, reserved 1048576K

Heap Regions: E=young(eden), S=young(survivor), O=old, HS=humongous(starts), HC=humongous(continues), CS=collection set, F=free, OA=open archive, CA=closed archive, TAMS=top-at-mark-start (previous, next)
|   0|0x0000000601000000, 0x0000000601400000, 0x0000000601400000|100%| O|  |TAMS 0x0000000601400000, 0x0000000601000000| Untracked 
|   1|0x0000000601400000, 0x0000000601800000, 0x0000000601800000|100%| O|  |TAMS 0x0000000601800000, 0x0000000601400000| Untracked 
|   2|0x0000000601800000, 0x0000000601c00000, 0x0000000601c00000|100%| O|  |TAMS 0x0000000601c00000, 0x0000000601800000| Untracked 
|   3|0x0000000601c00000, 0x0000000602000000, 0x0000000602000000|100%| O|  |TAMS 0x0000000602000000, 0x0000000601c00000| Untracked 
|   4|0x0000000602000000, 0x0000000602400000, 0x0000000602400000|100%| O|  |TAMS 0x0000000602400000, 0x0000000602000000| Untracked 
|   5|0x0000000602400000, 0x0000000602800000, 0x0000000602800000|100%| O|  |TAMS 0x0000000602800000, 0x0000000602400000| Untracked 
|   6|0x0000000602800000, 0x0000000602c00000, 0x0000000602c00000|100%| O|  |TAMS 0x0000000602c00000, 0x0000000602800000| Untracked 
|   7|0x0000000602c00000, 0x0000000603000000, 0x0000000603000000|100%| O|  |TAMS 0x0000000603000000, 0x0000000602c00000| Untracked 
|   8|0x0000000603000000, 0x0000000603400000, 0x0000000603400000|100%| O|  |TAMS 0x0000000603000000, 0x0000000603000000| Untracked 
|   9|0x0000000603400000, 0x0000000603800000, 0x0000000603800000|100%| O|  |TAMS 0x0000000603800000, 0x0000000603400000| Untracked 
|  10|0x0000000603800000, 0x0000000603c00000, 0x0000000603c00000|100%| O|  |TAMS 0x0000000603c00000, 0x0000000603800000| Untracked 
|  11|0x0000000603c00000, 0x0000000604000000, 0x0000000604000000|100%| O|  |TAMS 0x0000000604000000, 0x0000000603c00000| Untracked 
|  12|0x0000000604000000, 0x0000000604400000, 0x0000000604400000|100%| O|  |TAMS 0x0000000604400000, 0x0000000604000000| Untracked 
|  13|0x0000000604400000, 0x0000000604800000, 0x0000000604800000|100%| O|  |TAMS 0x0000000604800000, 0x0000000604400000| Untracked 
|  14|0x0000000604800000, 0x0000000604c00000, 0x0000000604c00000|100%| O|  |TAMS 0x0000000604c00000, 0x0000000604800000| Untracked 
|  15|0x0000000604c00000, 0x0000000604fffff8, 0x0000000605000000| 99%| O|  |TAMS 0x0000000604c00000, 0x0000000604c00000| Untracked 
|  16|0x0000000605000000, 0x0000000605400000, 0x0000000605400000|100%| O|  |TAMS 0x0000000605000000, 0x0000000605000000| Untracked 
|  17|0x0000000605400000, 0x0000000605800000, 0x0000000605800000|100%| O|  |TAMS 0x0000000605400000, 0x0000000605400000| Untracked 
|  18|0x0000000605800000, 0x0000000605c00000, 0x0000000605c00000|100%| O|  |TAMS 0x0000000605c00000, 0x0000000605800000| Untracked 
|  19|0x0000000605c00000, 0x0000000606000000, 0x0000000606000000|100%| O|  |TAMS 0x0000000606000000, 0x0000000605c00000| Untracked 
|  20|0x0000000606000000, 0x0000000606400000, 0x0000000606400000|100%| O|  |TAMS 0x0000000606400000, 0x0000000606000000| Untracked 
|  21|0x0000000606400000, 0x0000000606677000, 0x0000000606800000| 61%| O|  |TAMS 0x0000000606677000, 0x0000000606400000| Untracked 
|  22|0x0000000606800000, 0x0000000606c00000, 0x0000000606c00000|100%| O|  |TAMS 0x0000000606800000, 0x0000000606800000| Untracked 
|  23|0x0000000606c00000, 0x0000000606fe20c8, 0x0000000607000000| 97%| O|  |TAMS 0x0000000606c00000, 0x0000000606c00000| Untracked 
|  24|0x0000000607000000, 0x0000000607000000, 0x0000000607400000|  0%| F|  |TAMS 0x0000000607000000, 0x0000000607000000| Untracked 
|  25|0x0000000607400000, 0x0000000607800000, 0x0000000607800000|100%| E|CS|TAMS 0x0000000607400000, 0x0000000607400000| Complete 
|  26|0x0000000607800000, 0x0000000607c00000, 0x0000000607c00000|100%| E|CS|TAMS 0x0000000607800000, 0x0000000607800000| Complete 
|  27|0x0000000607c00000, 0x0000000608000000, 0x0000000608000000|100%| E|CS|TAMS 0x0000000607c00000, 0x0000000607c00000| Complete 
|  28|0x0000000608000000, 0x0000000608400000, 0x0000000608400000|100%| E|CS|TAMS 0x0000000608000000, 0x0000000608000000| Complete 
|  29|0x0000000608400000, 0x0000000608800000, 0x0000000608800000|100%| E|CS|TAMS 0x0000000608400000, 0x0000000608400000| Complete 
|  30|0x0000000608800000, 0x0000000608c00000, 0x0000000608c00000|100%| E|CS|TAMS 0x0000000608800000, 0x0000000608800000| Complete 
|  31|0x0000000608c00000, 0x0000000608c00000, 0x0000000609000000|  0%| F|  |TAMS 0x0000000608c00000, 0x0000000608c00000| Untracked 
|  32|0x0000000609000000, 0x0000000609000000, 0x0000000609400000|  0%| F|  |TAMS 0x0000000609000000, 0x0000000609000000| Untracked 
|  33|0x0000000609400000, 0x0000000609400000, 0x0000000609800000|  0%| F|  |TAMS 0x0000000609400000, 0x0000000609400000| Untracked 
|  34|0x0000000609800000, 0x0000000609800000, 0x0000000609c00000|  0%| F|  |TAMS 0x0000000609800000, 0x0000000609800000| Untracked 
|  35|0x0000000609c00000, 0x0000000609e3c880, 0x000000060a000000| 55%| S|  |TAMS 0x0000000609c00000, 0x0000000609c00000| Complete 
|  36|0x000000060a000000, 0x000000060a400000, 0x000000060a400000|100%| S|  |TAMS 0x000000060a000000, 0x000000060a000000| Complete 
|  37|0x000000060a400000, 0x000000060a800000, 0x000000060a800000|100%| S|  |TAMS 0x000000060a400000, 0x000000060a400000| Complete 
|  38|0x000000060a800000, 0x000000060ac00000, 0x000000060ac00000|100%| S|  |TAMS 0x000000060a800000, 0x000000060a800000| Complete 
|  39|0x000000060ac00000, 0x000000060b000000, 0x000000060b000000|100%| S|  |TAMS 0x000000060ac00000, 0x000000060ac00000| Complete 
|  40|0x000000060b000000, 0x000000060b400000, 0x000000060b400000|100%| E|CS|TAMS 0x000000060b000000, 0x000000060b000000| Complete 
|  41|0x000000060b400000, 0x000000060b800000, 0x000000060b800000|100%| E|CS|TAMS 0x000000060b400000, 0x000000060b400000| Complete 
|  42|0x000000060b800000, 0x000000060bc00000, 0x000000060bc00000|100%| E|CS|TAMS 0x000000060b800000, 0x000000060b800000| Complete 
|  43|0x000000060bc00000, 0x000000060c000000, 0x000000060c000000|100%| E|CS|TAMS 0x000000060bc00000, 0x000000060bc00000| Complete 
|  44|0x000000060c000000, 0x000000060c400000, 0x000000060c400000|100%| E|CS|TAMS 0x000000060c000000, 0x000000060c000000| Complete 
|  45|0x000000060c400000, 0x000000060c800000, 0x000000060c800000|100%| E|CS|TAMS 0x000000060c400000, 0x000000060c400000| Complete 
|  46|0x000000060c800000, 0x000000060cc00000, 0x000000060cc00000|100%| E|CS|TAMS 0x000000060c800000, 0x000000060c800000| Complete 
|  47|0x000000060cc00000, 0x000000060d000000, 0x000000060d000000|100%| E|CS|TAMS 0x000000060cc00000, 0x000000060cc00000| Complete 
|  48|0x000000060d000000, 0x000000060d400000, 0x000000060d400000|100%| E|CS|TAMS 0x000000060d000000, 0x000000060d000000| Complete 
|  49|0x000000060d400000, 0x000000060d800000, 0x000000060d800000|100%| E|CS|TAMS 0x000000060d400000, 0x000000060d400000| Complete 
|  50|0x000000060d800000, 0x000000060dc00000, 0x000000060dc00000|100%| E|CS|TAMS 0x000000060d800000, 0x000000060d800000| Complete 
|  51|0x000000060dc00000, 0x000000060e000000, 0x000000060e000000|100%| E|CS|TAMS 0x000000060dc00000, 0x000000060dc00000| Complete 
|  52|0x000000060e000000, 0x000000060e400000, 0x000000060e400000|100%| E|CS|TAMS 0x000000060e000000, 0x000000060e000000| Complete 
|  53|0x000000060e400000, 0x000000060e800000, 0x000000060e800000|100%| E|CS|TAMS 0x000000060e400000, 0x000000060e400000| Complete 
|  54|0x000000060e800000, 0x000000060ec00000, 0x000000060ec00000|100%| E|CS|TAMS 0x000000060e800000, 0x000000060e800000| Complete 
|  55|0x000000060ec00000, 0x000000060f000000, 0x000000060f000000|100%| E|CS|TAMS 0x000000060ec00000, 0x000000060ec00000| Complete 
|  56|0x000000060f000000, 0x000000060f400000, 0x000000060f400000|100%| E|CS|TAMS 0x000000060f000000, 0x000000060f000000| Complete 
|  57|0x000000060f400000, 0x000000060f800000, 0x000000060f800000|100%| E|CS|TAMS 0x000000060f400000, 0x000000060f400000| Complete 
|  58|0x000000060f800000, 0x000000060fc00000, 0x000000060fc00000|100%| E|CS|TAMS 0x000000060f800000, 0x000000060f800000| Complete 
|  59|0x000000060fc00000, 0x0000000610000000, 0x0000000610000000|100%| E|CS|TAMS 0x000000060fc00000, 0x000000060fc00000| Complete 
|  60|0x0000000610000000, 0x0000000610400000, 0x0000000610400000|100%| E|CS|TAMS 0x0000000610000000, 0x0000000610000000| Complete 
|  61|0x0000000610400000, 0x0000000610800000, 0x0000000610800000|100%| E|CS|TAMS 0x0000000610400000, 0x0000000610400000| Complete 
|  62|0x0000000610800000, 0x0000000610c00000, 0x0000000610c00000|100%| E|CS|TAMS 0x0000000610800000, 0x0000000610800000| Complete 
|  63|0x0000000610c00000, 0x0000000611000000, 0x0000000611000000|100%| E|CS|TAMS 0x0000000610c00000, 0x0000000610c00000| Complete 
|  64|0x0000000611000000, 0x0000000611400000, 0x0000000611400000|100%| E|CS|TAMS 0x0000000611000000, 0x0000000611000000| Complete 
|  65|0x0000000611400000, 0x0000000611800000, 0x0000000611800000|100%| E|CS|TAMS 0x0000000611400000, 0x0000000611400000| Complete 
|  66|0x0000000611800000, 0x0000000611c00000, 0x0000000611c00000|100%| E|CS|TAMS 0x0000000611800000, 0x0000000611800000| Complete 
|  67|0x0000000611c00000, 0x0000000612000000, 0x0000000612000000|100%| E|CS|TAMS 0x0000000611c00000, 0x0000000611c00000| Complete 
|  68|0x0000000612000000, 0x0000000612400000, 0x0000000612400000|100%| E|CS|TAMS 0x0000000612000000, 0x0000000612000000| Complete 
|  69|0x0000000612400000, 0x0000000612800000, 0x0000000612800000|100%| E|CS|TAMS 0x0000000612400000, 0x0000000612400000| Complete 
|  70|0x0000000612800000, 0x0000000612c00000, 0x0000000612c00000|100%| E|CS|TAMS 0x0000000612800000, 0x0000000612800000| Complete 
|  71|0x0000000612c00000, 0x0000000613000000, 0x0000000613000000|100%| E|CS|TAMS 0x0000000612c00000, 0x0000000612c00000| Complete 
|  72|0x0000000613000000, 0x0000000613400000, 0x0000000613400000|100%| E|CS|TAMS 0x0000000613000000, 0x0000000613000000| Complete 
|  73|0x0000000613400000, 0x0000000613800000, 0x0000000613800000|100%| E|CS|TAMS 0x0000000613400000, 0x0000000613400000| Complete 
|  74|0x0000000613800000, 0x0000000613c00000, 0x0000000613c00000|100%| E|CS|TAMS 0x0000000613800000, 0x0000000613800000| Complete 
| 108|0x000000061c000000, 0x000000061c400000, 0x000000061c400000|100%| E|CS|TAMS 0x000000061c000000, 0x000000061c000000| Complete 
| 127|0x0000000620c00000, 0x0000000621000000, 0x0000000621000000|100%| E|CS|TAMS 0x0000000620c00000, 0x0000000620c00000| Complete 

Card table byte_map: [0x00000242a9af0000,0x00000242aaaf0000] _byte_map_base: 0x00000242a6ae8000

Marking Bits (Prev, Next): (CMBitMap*) 0x00000242913af9a0, (CMBitMap*) 0x00000242913af9e0
 Prev Bits: [0x00000242abaf0000, 0x00000242b3ab0000)
 Next Bits: [0x00000242b3ab0000, 0x00000242bba70000)

Polling page: 0x000002428f820000

Metaspace:

Usage:
  Non-class:     35.49 MB used.
      Class:      5.33 MB used.
       Both:     40.82 MB used.

Virtual space:
  Non-class space:       64.00 MB reserved,      36.12 MB ( 56%) committed,  1 nodes.
      Class space:        1.00 GB reserved,       5.81 MB ( <1%) committed,  1 nodes.
             Both:        1.06 GB reserved,      41.94 MB (  4%) committed. 

Chunk freelists:
   Non-Class:  11.89 MB
       Class:  10.12 MB
        Both:  22.02 MB

MaxMetaspaceSize: unlimited
CompressedClassSpaceSize: 1.00 GB
Initial GC threshold: 21.00 MB
Current GC threshold: 59.38 MB
CDS: on
MetaspaceReclaimPolicy: balanced
 - commit_granule_bytes: 65536.
 - commit_granule_words: 8192.
 - virtual_space_node_default_size: 8388608.
 - enlarge_chunks_in_place: 1.
 - new_chunks_are_fully_committed: 0.
 - uncommit_free_chunks: 1.
 - use_allocation_guard: 0.
 - handle_deallocations: 1.


Internal statistics:

num_allocs_failed_limit: 6.
num_arena_births: 1694.
num_arena_deaths: 0.
num_vsnodes_births: 2.
num_vsnodes_deaths: 0.
num_space_committed: 671.
num_space_uncommitted: 0.
num_chunks_returned_to_freelist: 6.
num_chunks_taken_from_freelist: 3378.
num_chunk_merges: 6.
num_chunk_splits: 2162.
num_chunks_enlarged: 1315.
num_inconsistent_stats: 0.

CodeHeap 'non-profiled nmethods': size=120000Kb used=4105Kb max_used=4484Kb free=115894Kb
 bounds [0x00000242a0930000, 0x00000242a0db0000, 0x00000242a7e60000]
CodeHeap 'profiled nmethods': size=120000Kb used=11630Kb max_used=12537Kb free=108369Kb
 bounds [0x0000024298e60000, 0x0000024299aa0000, 0x00000242a0390000]
CodeHeap 'non-nmethods': size=5760Kb used=1372Kb max_used=1467Kb free=4387Kb
 bounds [0x00000242a0390000, 0x00000242a0600000, 0x00000242a0930000]
 total_blobs=7386 nmethods=6669 adapters=629
 compilation: enabled
              stopped_count=0, restarted_count=0
 full_count=0

Compilation events (20 events):
Event: 4.951 Thread 0x00000242be84c840 8439       3       it.unimi.dsi.fastutil.objects.ObjectArrayList::size (68 bytes)
Event: 4.951 Thread 0x00000242be84c840 nmethod 8439 0x00000242998d6410 code [0x00000242998d6620, 0x00000242998d6ec8]
Event: 4.951 Thread 0x00000242be839670 nmethod 8425 0x00000242a0a80110 code [0x00000242a0a802a0, 0x00000242a0a80438]
Event: 4.952 Thread 0x00000242be839670 8437       4       net.minecraft.world.level.block.state.StateDefinition$$Lambda$1261/0x00000242c0554668::accept (28 bytes)
Event: 4.953 Thread 0x00000242be84c840 8444       3       java.util.Arrays::sort (47 bytes)
Event: 4.953 Thread 0x00000242be84c840 nmethod 8444 0x0000024299192490 code [0x0000024299192660, 0x00000242991928a8]
Event: 4.953 Thread 0x00000242be84c840 8445       3       it.unimi.dsi.fastutil.objects.ObjectArrayList::set (68 bytes)
Event: 4.954 Thread 0x00000242be84c840 nmethod 8445 0x00000242998d5a10 code [0x00000242998d5c40, 0x00000242998d61b8]
Event: 4.956 Thread 0x00000242be84c840 8446 %     3       net.minecraft.world.level.block.state.StateDefinition::<init> @ 210 (252 bytes)
Event: 4.958 Thread 0x00000242be84c840 nmethod 8446% 0x0000024299559b90 code [0x000002429955a260, 0x000002429955e8d8]
Event: 4.974 Thread 0x00000242be849dc0 nmethod 8393 0x00000242a0c9bf10 code [0x00000242a0c9c140, 0x00000242a0c9f3e8]
Event: 4.974 Thread 0x00000242be849dc0 8448       4       net.minecraft.world.phys.shapes.Shapes::findBits (128 bytes)
Event: 4.975 Thread 0x00000242be849dc0 nmethod 8448 0x00000242a0b29690 code [0x00000242a0b29860, 0x00000242a0b29af8]
Event: 4.975 Thread 0x00000242be849dc0 8447       4       net.minecraft.world.phys.shapes.BitSetDiscreteVoxelShape::isXZRectangleFull (33 bytes)
Event: 4.977 Thread 0x00000242be849dc0 nmethod 8447 0x00000242a0b29090 code [0x00000242a0b29220, 0x00000242a0b29458]
Event: 4.977 Thread 0x00000242be849dc0 8451       4       net.minecraft.world.phys.shapes.BitSetDiscreteVoxelShape::forAllBoxes (270 bytes)
Event: 5.004 Thread 0x00000242be84c840 8455       1       net.minecraft.world.level.block.state.properties.WallSide::getSerializedName (5 bytes)
Event: 5.004 Thread 0x00000242be84c840 nmethod 8455 0x00000242a0a7fe10 code [0x00000242a0a7ffa0, 0x00000242a0a80078]
Event: 5.007 Thread 0x00000242be839670 nmethod 8437 0x00000242a09e5090 code [0x00000242a09e5420, 0x00000242a09e8aa8]
Event: 5.008 Thread 0x00000242be839670 8449       4       net.minecraft.world.phys.shapes.Shapes::box (46 bytes)

GC Heap History (20 events):
Event: 0.676 GC heap after
{Heap after GC invocations=3 (full 0):
 garbage-first heap   total 524288K, used 18533K [0x0000000601000000, 0x0000000800000000)
  region size 4096K, 2 young (8192K), 2 survivors (8192K)
 Metaspace       used 4831K, committed 5056K, reserved 1114112K
  class space    used 466K, committed 576K, reserved 1048576K
}
Event: 1.400 GC heap before
{Heap before GC invocations=3 (full 0):
 garbage-first heap   total 524288K, used 292965K [0x0000000601000000, 0x0000000800000000)
  region size 4096K, 69 young (282624K), 2 survivors (8192K)
 Metaspace       used 5286K, committed 5504K, reserved 1114112K
  class space    used 509K, committed 640K, reserved 1048576K
}
Event: 1.405 GC heap after
{Heap after GC invocations=4 (full 0):
 garbage-first heap   total 524288K, used 31349K [0x0000000601000000, 0x0000000800000000)
  region size 4096K, 6 young (24576K), 6 survivors (24576K)
 Metaspace       used 5286K, committed 5504K, reserved 1114112K
  class space    used 509K, committed 640K, reserved 1048576K
}
Event: 2.565 GC heap before
{Heap before GC invocations=4 (full 0):
 garbage-first heap   total 524288K, used 256629K [0x0000000601000000, 0x0000000800000000)
  region size 4096K, 58 young (237568K), 6 survivors (24576K)
 Metaspace       used 21155K, committed 21504K, reserved 1114112K
  class space    used 2601K, committed 2752K, reserved 1048576K
}
Event: 2.574 GC heap after
{Heap after GC invocations=5 (full 0):
 garbage-first heap   total 524288K, used 55774K [0x0000000601000000, 0x0000000800000000)
  region size 4096K, 10 young (40960K), 10 survivors (40960K)
 Metaspace       used 21155K, committed 21504K, reserved 1114112K
  class space    used 2601K, committed 2752K, reserved 1048576K
}
Event: 2.889 GC heap before
{Heap before GC invocations=6 (full 0):
 garbage-first heap   total 204800K, used 145886K [0x0000000601000000, 0x0000000800000000)
  region size 4096K, 32 young (131072K), 10 survivors (40960K)
 Metaspace       used 24674K, committed 25280K, reserved 1114112K
  class space    used 3068K, committed 3328K, reserved 1048576K
}
Event: 2.904 GC heap after
{Heap after GC invocations=7 (full 0):
 garbage-first heap   total 208896K, used 75106K [0x0000000601000000, 0x0000000800000000)
  region size 4096K, 4 young (16384K), 4 survivors (16384K)
 Metaspace       used 24674K, committed 25280K, reserved 1114112K
  class space    used 3068K, committed 3328K, reserved 1048576K
}
Event: 2.908 GC heap before
{Heap before GC invocations=7 (full 0):
 garbage-first heap   total 208896K, used 79202K [0x0000000601000000, 0x0000000800000000)
  region size 4096K, 5 young (20480K), 4 survivors (16384K)
 Metaspace       used 24696K, committed 25344K, reserved 1114112K
  class space    used 3070K, committed 3328K, reserved 1048576K
}
Event: 2.912 GC heap after
{Heap after GC invocations=8 (full 0):
 garbage-first heap   total 208896K, used 75373K [0x0000000601000000, 0x0000000800000000)
  region size 4096K, 1 young (4096K), 1 survivors (4096K)
 Metaspace       used 24696K, committed 25344K, reserved 1114112K
  class space    used 3070K, committed 3328K, reserved 1048576K
}
Event: 3.021 GC heap before
{Heap before GC invocations=8 (full 0):
 garbage-first heap   total 208896K, used 145005K [0x0000000601000000, 0x0000000800000000)
  region size 4096K, 18 young (73728K), 1 survivors (4096K)
 Metaspace       used 26676K, committed 27456K, reserved 1114112K
  class space    used 3271K, committed 3584K, reserved 1048576K
}
Event: 3.023 GC heap after
{Heap after GC invocations=9 (full 0):
 garbage-first heap   total 450560K, used 73416K [0x0000000601000000, 0x0000000800000000)
  region size 4096K, 1 young (4096K), 1 survivors (4096K)
 Metaspace       used 26676K, committed 27456K, reserved 1114112K
  class space    used 3271K, committed 3584K, reserved 1048576K
}
Event: 3.296 GC heap before
{Heap before GC invocations=9 (full 0):
 garbage-first heap   total 450560K, used 339656K [0x0000000601000000, 0x0000000800000000)
  region size 4096K, 66 young (270336K), 1 survivors (4096K)
 Metaspace       used 27546K, committed 28352K, reserved 1114112K
  class space    used 3409K, committed 3776K, reserved 1048576K
}
Event: 3.298 GC heap after
{Heap after GC invocations=10 (full 0):
 garbage-first heap   total 450560K, used 75517K [0x0000000601000000, 0x0000000800000000)
  region size 4096K, 1 young (4096K), 1 survivors (4096K)
 Metaspace       used 27546K, committed 28352K, reserved 1114112K
  class space    used 3409K, committed 3776K, reserved 1048576K
}
Event: 3.671 GC heap before
{Heap before GC invocations=10 (full 0):
 garbage-first heap   total 450560K, used 341757K [0x0000000601000000, 0x0000000800000000)
  region size 4096K, 66 young (270336K), 1 survivors (4096K)
 Metaspace       used 29656K, committed 30592K, reserved 1114112K
  class space    used 3658K, committed 4096K, reserved 1048576K
}
Event: 3.674 GC heap after
{Heap after GC invocations=11 (full 0):
 garbage-first heap   total 450560K, used 78878K [0x0000000601000000, 0x0000000800000000)
  region size 4096K, 2 young (8192K), 2 survivors (8192K)
 Metaspace       used 29656K, committed 30592K, reserved 1114112K
  class space    used 3658K, committed 4096K, reserved 1048576K
}
Event: 4.116 GC heap before
{Heap before GC invocations=11 (full 0):
 garbage-first heap   total 450560K, used 271390K [0x0000000601000000, 0x0000000800000000)
  region size 4096K, 51 young (208896K), 2 survivors (8192K)
 Metaspace       used 35121K, committed 36160K, reserved 1114112K
  class space    used 4247K, committed 4736K, reserved 1048576K
}
Event: 4.119 GC heap after
{Heap after GC invocations=12 (full 0):
 garbage-first heap   total 450560K, used 82899K [0x0000000601000000, 0x0000000800000000)
  region size 4096K, 3 young (12288K), 3 survivors (12288K)
 Metaspace       used 35121K, committed 36160K, reserved 1114112K
  class space    used 4247K, committed 4736K, reserved 1048576K
}
Event: 4.768 GC heap before
{Heap before GC invocations=13 (full 0):
 garbage-first heap   total 315392K, used 259027K [0x0000000601000000, 0x0000000800000000)
  region size 4096K, 46 young (188416K), 3 survivors (12288K)
 Metaspace       used 40994K, committed 42176K, reserved 1114112K
  class space    used 5326K, committed 5824K, reserved 1048576K
}
Event: 4.780 GC heap after
{Heap after GC invocations=14 (full 0):
 garbage-first heap   total 315392K, used 96808K [0x0000000601000000, 0x0000000800000000)
  region size 4096K, 6 young (24576K), 6 survivors (24576K)
 Metaspace       used 40994K, committed 42176K, reserved 1114112K
  class space    used 5326K, committed 5824K, reserved 1048576K
}
Event: 5.023 GC heap before
{Heap before GC invocations=14 (full 0):
 garbage-first heap   total 315392K, used 248360K [0x0000000601000000, 0x0000000800000000)
  region size 4096K, 43 young (176128K), 6 survivors (24576K)
 Metaspace       used 41801K, committed 42944K, reserved 1114112K
  class space    used 5460K, committed 5952K, reserved 1048576K
}

Dll operation events (9 events):
Event: 0.006 Loaded shared library C:\Users\agus4\.jdks\temurin-17.0.10\bin\java.dll
Event: 0.021 Loaded shared library C:\Users\agus4\.jdks\temurin-17.0.10\bin\jsvml.dll
Event: 0.117 Loaded shared library C:\Users\agus4\.jdks\temurin-17.0.10\bin\net.dll
Event: 0.118 Loaded shared library C:\Users\agus4\.jdks\temurin-17.0.10\bin\nio.dll
Event: 0.120 Loaded shared library C:\Users\agus4\.jdks\temurin-17.0.10\bin\zip.dll
Event: 0.162 Loaded shared library C:\Users\agus4\.jdks\temurin-17.0.10\bin\jimage.dll
Event: 0.386 Loaded shared library C:\Users\agus4\.jdks\temurin-17.0.10\bin\verify.dll
Event: 1.582 Loaded shared library C:\Users\agus4\.jdks\temurin-17.0.10\bin\management.dll
Event: 1.584 Loaded shared library C:\Users\agus4\.jdks\temurin-17.0.10\bin\management_ext.dll

Deoptimization events (20 events):
Event: 4.830 Thread 0x0000024291341430 DEOPT PACKING pc=0x00000242a0cda190 sp=0x000000b5291f9320
Event: 4.830 Thread 0x0000024291341430 DEOPT UNPACKING pc=0x00000242a03e69a3 sp=0x000000b5291f92a0 mode 2
Event: 4.832 Thread 0x0000024291341430 DEOPT PACKING pc=0x000002429957e7d6 sp=0x000000b5291f8d10
Event: 4.832 Thread 0x0000024291341430 DEOPT UNPACKING pc=0x00000242a03e7143 sp=0x000000b5291f8420 mode 0
Event: 4.885 Thread 0x0000024291341430 DEOPT PACKING pc=0x000002429957de16 sp=0x000000b5291f8ba0
Event: 4.885 Thread 0x0000024291341430 DEOPT UNPACKING pc=0x00000242a03e7143 sp=0x000000b5291f82b0 mode 0
Event: 4.891 Thread 0x0000024291341430 Uncommon trap: trap_request=0xffffff6e fr.pc=0x00000242a0a87ef4 relative=0x00000000000000f4
Event: 4.891 Thread 0x0000024291341430 Uncommon trap: reason=loop_limit_check action=maybe_recompile pc=0x00000242a0a87ef4 method=java.util.BitSet.recalculateWordsInUse()V @ 8 c2
Event: 4.891 Thread 0x0000024291341430 DEOPT PACKING pc=0x00000242a0a87ef4 sp=0x000000b5291fd310
Event: 4.891 Thread 0x0000024291341430 DEOPT UNPACKING pc=0x00000242a03e69a3 sp=0x000000b5291fd2a0 mode 2
Event: 4.901 Thread 0x0000024291341430 DEOPT PACKING pc=0x0000024299000e76 sp=0x000000b5291f8f80
Event: 4.901 Thread 0x0000024291341430 DEOPT UNPACKING pc=0x00000242a03e7143 sp=0x000000b5291f8490 mode 0
Event: 4.928 Thread 0x0000024291341430 Uncommon trap: trap_request=0xffffff45 fr.pc=0x00000242a0a919e8 relative=0x0000000000000288
Event: 4.928 Thread 0x0000024291341430 Uncommon trap: reason=unstable_if action=reinterpret pc=0x00000242a0a919e8 method=net.minecraft.world.phys.shapes.Shapes.findBits(DD)I @ 5 c2
Event: 4.928 Thread 0x0000024291341430 DEOPT PACKING pc=0x00000242a0a919e8 sp=0x000000b5291fcf00
Event: 4.928 Thread 0x0000024291341430 DEOPT UNPACKING pc=0x00000242a03e69a3 sp=0x000000b5291fce70 mode 2
Event: 4.977 Thread 0x0000024291341430 Uncommon trap: trap_request=0xffffff6e fr.pc=0x00000242a0c9e8b0 relative=0x0000000000002770
Event: 4.977 Thread 0x0000024291341430 Uncommon trap: reason=loop_limit_check action=maybe_recompile pc=0x00000242a0c9e8b0 method=net.minecraft.world.phys.shapes.BitSetDiscreteVoxelShape.forAllBoxes(Lnet/minecraft/world/phys/shapes/DiscreteVoxelShape;Lnet/minecraft/world/phys/shapes/DiscreteVo
Event: 4.977 Thread 0x0000024291341430 DEOPT PACKING pc=0x00000242a0c9e8b0 sp=0x000000b5291fd480
Event: 4.977 Thread 0x0000024291341430 DEOPT UNPACKING pc=0x00000242a03e69a3 sp=0x000000b5291fd470 mode 2

Classes unloaded (0 events):
No events

Classes redefined (0 events):
No events

Internal exceptions (20 events):
Event: 3.996 Thread 0x00000243074e1bd0 Exception <a 'sun/nio/fs/WindowsException'{0x00000006119bff50}> (0x00000006119bff50) 
thrown [s\src\hotspot\share\prims\jni.cpp, line 516]
Event: 3.996 Thread 0x00000243074e1bd0 Exception <a 'sun/nio/fs/WindowsException'{0x00000006119c4f18}> (0x00000006119c4f18) 
thrown [s\src\hotspot\share\prims\jni.cpp, line 516]
Event: 3.997 Thread 0x00000243074e1bd0 Exception <a 'sun/nio/fs/WindowsException'{0x00000006119cb4f8}> (0x00000006119cb4f8) 
thrown [s\src\hotspot\share\prims\jni.cpp, line 516]
Event: 3.997 Thread 0x0000024291341430 Exception <a 'java/lang/NoSuchMethodError'{0x0000000611a38338}: 'java.lang.Object java.lang.invoke.Invokers$Holder.exactInvoker(java.lang.Object, java.lang.Object, java.lang.Object, java.lang.Object, java.lang.Object, java.lang.Object)'> (0x0000000611a38338) 
thrown [s\src\hotspot\share\interpreter\linkResolver.cpp, line 759]
Event: 3.997 Thread 0x00000243074e1bd0 Exception <a 'sun/nio/fs/WindowsException'{0x00000006119d1f18}> (0x00000006119d1f18) 
thrown [s\src\hotspot\share\prims\jni.cpp, line 516]
Event: 4.110 Thread 0x0000024291341430 Implicit null exception at 0x00000242a0d0a959 to 0x00000242a0d0f554
Event: 4.388 Thread 0x0000024291341430 Exception <a 'java/lang/NoSuchMethodError'{0x0000000610a44548}: 'void java.lang.invoke.DirectMethodHandle$Holder.invokeStatic(java.lang.Object, java.lang.Object, java.lang.Object, java.lang.Object, java.lang.Object, java.lang.Object, java.lang.Object)'> (0x0000000610a44548) 
thrown [s\src\hotspot\share\interpreter\linkResolver.cpp, line 759]
Event: 4.389 Thread 0x0000024291341430 Exception <a 'java/lang/NoSuchMethodError'{0x0000000610a66cf0}: 'int java.lang.invoke.DirectMethodHandle$Holder.invokeSpecialIFC(java.lang.Object, java.lang.Object, java.lang.Object)'> (0x0000000610a66cf0) 
thrown [s\src\hotspot\share\interpreter\linkResolver.cpp, line 759]
Event: 4.463 Thread 0x0000024291341430 Exception <a 'java/lang/NoSuchMethodError'{0x000000060f6bc5a8}: 'java.lang.Object java.lang.invoke.DirectMethodHandle$Holder.invokeStatic(java.lang.Object, int, int, java.lang.Object)'> (0x000000060f6bc5a8) 
thrown [s\src\hotspot\share\interpreter\linkResolver.cpp, line 759]
Event: 4.463 Thread 0x0000024291341430 Exception <a 'java/lang/NoSuchMethodError'{0x000000060f6bfef0}: 'java.lang.Object java.lang.invoke.DirectMethodHandle$Holder.invokeStaticInit(java.lang.Object, int, int, java.lang.Object)'> (0x000000060f6bfef0) 
thrown [s\src\hotspot\share\interpreter\linkResolver.cpp, line 759]
Event: 4.572 Thread 0x0000024291341430 Exception <a 'java/lang/NoSuchMethodError'{0x000000060d325f10}: 'java.lang.Object java.lang.invoke.DirectMethodHandle$Holder.newInvokeSpecial(java.lang.Object, java.lang.Object, java.lang.Object, java.lang.Object, java.lang.Object, java.lang.Object, java.lang.Object, java.lang.Object)'> (0x000000060d325f10) 
thrown [s\src\hotspot\share\interpreter\linkResolver.cpp, line 759]
Event: 4.572 Thread 0x0000024291341430 Exception <a 'java/lang/NoSuchMethodError'{0x000000060d32a970}: 'java.lang.Object java.lang.invoke.Invokers$Holder.linkToTargetMethod(java.lang.Object, java.lang.Object, java.lang.Object, java.lang.Object, java.lang.Object, java.lang.Object, java.lang.Object, java.lang.Object)'> (0x000000060d32a970) 
thrown [s\src\hotspot\share\interpreter\linkResolver.cpp, line 759]
Event: 4.637 Thread 0x0000024291341430 Exception <a 'java/lang/NoSuchMethodError'{0x000000060c7f1920}: 'java.lang.Object java.lang.invoke.DirectMethodHandle$Holder.newInvokeSpecial(java.lang.Object, float)'> (0x000000060c7f1920) 
thrown [s\src\hotspot\share\interpreter\linkResolver.cpp, line 759]
Event: 4.666 Thread 0x0000024291341430 Exception <a 'java/lang/NoSuchMethodError'{0x000000060b9b39b8}: 'java.lang.Object java.lang.invoke.DirectMethodHandle$Holder.invokeStaticInit(java.lang.Object, java.lang.Object, java.lang.Object, java.lang.Object, java.lang.Object, java.lang.Object, int)'> (0x000000060b9b39b8) 
thrown [s\src\hotspot\share\interpreter\linkResolver.cpp, line 759]
Event: 4.708 Thread 0x0000024291341430 Exception <a 'java/lang/NoSuchMethodError'{0x000000060a1ca0c0}: 'int java.lang.invoke.DirectMethodHandle$Holder.invokeStaticInit(java.lang.Object, int, java.lang.Object)'> (0x000000060a1ca0c0) 
thrown [s\src\hotspot\share\interpreter\linkResolver.cpp, line 759]
Event: 4.716 Thread 0x0000024291341430 Exception <a 'java/lang/NoSuchMethodError'{0x000000060a2b8fc8}: 'java.lang.Object java.lang.invoke.Invokers$Holder.invoker(java.lang.Object, java.lang.Object, java.lang.Object, java.lang.Object, java.lang.Object, java.lang.Object, java.lang.Object, java.lang.Object, java.lang.Object, java.lang.Object, java.lang.Object, java.lang.Object, java.lang.Object, java.lang.Object, java.lang.Object, java.lang.Object, java.lang.Object, java.lang.Object)'> (0x000000060a2b8fc8) 
thrown [s\src\hotspot\share\interpreter\
Event: 4.716 Thread 0x0000024291341430 Exception <a 'java/lang/NoSuchMethodError'{0x000000060a2c43a8}: 'java.lang.Object java.lang.invoke.DelegatingMethodHandle$Holder.delegate(java.lang.Object, java.lang.Object, java.lang.Object, java.lang.Object, java.lang.Object, java.lang.Object, java.lang.Object, java.lang.Object, java.lang.Object, java.lang.Object, java.lang.Object, java.lang.Object, java.lang.Object, java.lang.Object, java.lang.Object, java.lang.Object, java.lang.Object, java.lang.Object)'> (0x000000060a2c43a8) 
thrown [s\src\hotspot\sha
Event: 4.718 Thread 0x0000024291341430 Exception <a 'java/lang/NoSuchMethodError'{0x000000060a2f4e88}: 'java.lang.Object java.lang.invoke.Invokers$Holder.invoker(java.lang.Object, java.lang.Object, java.lang.Object, java.lang.Object, java.lang.Object, java.lang.Object, java.lang.Object, java.lang.Object, java.lang.Object, java.lang.Object, java.lang.Object, java.lang.Object, java.lang.Object)'> (0x000000060a2f4e88) 
thrown [s\src\hotspot\share\interpreter\linkResolver.cpp, line 759]
Event: 4.718 Thread 0x0000024291341430 Exception <a 'java/lang/NoSuchMethodError'{0x000000060a2faa30}: 'java.lang.Object java.lang.invoke.DirectMethodHandle$Holder.invokeSpecial(java.lang.Object, java.lang.Object, java.lang.Object, java.lang.Object, java.lang.Object, java.lang.Object, java.lang.Object, java.lang.Object, java.lang.Object, java.lang.Object, java.lang.Object, java.lang.Object, java.lang.Object, java.lang.Object)'> (0x000000060a2faa30) 
thrown [s\src\hotspot\share\interpreter\linkResolver.cpp, line 759]
Event: 4.817 Thread 0x0000024291341430 Exception <a 'java/lang/NoSuchMethodError'{0x00000006137156d8}: 'java.lang.Object java.lang.invoke.DirectMethodHandle$Holder.newInvokeSpecial(java.lang.Object, int, int, int, int, int, int)'> (0x00000006137156d8) 
thrown [s\src\hotspot\share\interpreter\linkResolver.cpp, line 759]

VM Operations (20 events):
Event: 4.434 Executing VM operation: HandshakeAllThreads done
Event: 4.498 Executing VM operation: ICBufferFull
Event: 4.498 Executing VM operation: ICBufferFull done
Event: 4.499 Executing VM operation: HandshakeAllThreads
Event: 4.499 Executing VM operation: HandshakeAllThreads done
Event: 4.513 Executing VM operation: HandshakeAllThreads
Event: 4.513 Executing VM operation: HandshakeAllThreads done
Event: 4.523 Executing VM operation: HandshakeAllThreads
Event: 4.523 Executing VM operation: HandshakeAllThreads done
Event: 4.563 Executing VM operation: ICBufferFull
Event: 4.563 Executing VM operation: ICBufferFull done
Event: 4.585 Executing VM operation: HandshakeAllThreads
Event: 4.585 Executing VM operation: HandshakeAllThreads done
Event: 4.672 Executing VM operation: ICBufferFull
Event: 4.672 Executing VM operation: ICBufferFull done
Event: 4.768 Executing VM operation: G1CollectForAllocation
Event: 4.780 Executing VM operation: G1CollectForAllocation done
Event: 4.912 Executing VM operation: ICBufferFull
Event: 4.912 Executing VM operation: ICBufferFull done
Event: 5.023 Executing VM operation: G1CollectForAllocation

Events (20 events):
Event: 4.531 Thread 0x00000242be8576e0 flushing nmethod 0x0000024299970010
Event: 4.531 Thread 0x00000242be8576e0 flushing nmethod 0x0000024299970390
Event: 4.531 Thread 0x00000242be8576e0 flushing nmethod 0x0000024299971190
Event: 4.531 Thread 0x00000242be8576e0 flushing nmethod 0x0000024299971810
Event: 4.531 Thread 0x00000242be8576e0 flushing nmethod 0x0000024299974210
Event: 4.531 Thread 0x00000242be8576e0 flushing nmethod 0x000002429997e510
Event: 4.531 Thread 0x00000242be8576e0 flushing nmethod 0x0000024299987190
Event: 4.531 Thread 0x00000242be8576e0 flushing nmethod 0x00000242999a2a90
Event: 4.531 Thread 0x00000242be8576e0 flushing nmethod 0x00000242999a4c10
Event: 4.531 Thread 0x00000242be8576e0 flushing nmethod 0x00000242999a9810
Event: 4.531 Thread 0x00000242be8576e0 flushing nmethod 0x00000242999c6110
Event: 4.531 Thread 0x00000242be8576e0 flushing nmethod 0x00000242999cba10
Event: 4.531 Thread 0x00000242be8576e0 flushing nmethod 0x00000242999cbd90
Event: 4.531 Thread 0x00000242be8576e0 flushing nmethod 0x0000024299a13910
Event: 4.531 Thread 0x00000242be8576e0 flushing nmethod 0x0000024299a13c90
Event: 4.531 Thread 0x00000242be8576e0 flushing nmethod 0x0000024299a16910
Event: 4.531 Thread 0x00000242be8576e0 flushing nmethod 0x0000024299a17310
Event: 4.531 Thread 0x00000242be8576e0 flushing nmethod 0x0000024299a17990
Event: 4.531 Thread 0x00000242be8576e0 flushing nmethod 0x0000024299a19490
Event: 4.531 Thread 0x00000242be8576e0 flushing nmethod 0x0000024299a29d10


Dynamic libraries:
0x00007ff7a1650000 - 0x00007ff7a165e000 	C:\Users\agus4\.jdks\temurin-17.0.10\bin\java.exe
0x00007ffc4c6e0000 - 0x00007ffc4c943000 	C:\WINDOWS\SYSTEM32\ntdll.dll
0x00007ffc4bd70000 - 0x00007ffc4be37000 	C:\WINDOWS\System32\KERNEL32.DLL
0x00007ffc49c80000 - 0x00007ffc4a047000 	C:\WINDOWS\System32\KERNELBASE.dll
0x00007ffc45e00000 - 0x00007ffc45e9c000 	C:\WINDOWS\SYSTEM32\apphelp.dll
0x00007ffc49a70000 - 0x00007ffc49bbc000 	C:\WINDOWS\System32\ucrtbase.dll
0x00007ffc31a00000 - 0x00007ffc31a17000 	C:\Users\agus4\.jdks\temurin-17.0.10\bin\jli.dll
0x00007ffc31950000 - 0x00007ffc3196b000 	C:\Users\agus4\.jdks\temurin-17.0.10\bin\VCRUNTIME140.dll
0x00007ffc4be40000 - 0x00007ffc4c009000 	C:\WINDOWS\System32\USER32.dll
0x00007ffc4a310000 - 0x00007ffc4a337000 	C:\WINDOWS\System32\win32u.dll
0x00007ffc29980000 - 0x00007ffc29c10000 	C:\WINDOWS\WinSxS\amd64_microsoft.windows.common-controls_6595b64144ccf1df_6.0.26100.2702_none_3e069454e335fc5e\COMCTL32.dll
0x00007ffc4c4f0000 - 0x00007ffc4c51a000 	C:\WINDOWS\System32\GDI32.dll
0x00007ffc4bcc0000 - 0x00007ffc4bd69000 	C:\WINDOWS\System32\msvcrt.dll
0x00007ffc4a340000 - 0x00007ffc4a46b000 	C:\WINDOWS\System32\gdi32full.dll
0x00007ffc4a260000 - 0x00007ffc4a303000 	C:\WINDOWS\System32\msvcp_win.dll
0x00007ffc4ac30000 - 0x00007ffc4ac5f000 	C:\WINDOWS\System32\IMM32.DLL
0x00007ffc308f0000 - 0x00007ffc308fc000 	C:\Users\agus4\.jdks\temurin-17.0.10\bin\vcruntime140_1.dll
0x00007ffc1a550000 - 0x00007ffc1a5dd000 	C:\Users\agus4\.jdks\temurin-17.0.10\bin\msvcp140.dll
0x00007ffb5fc10000 - 0x00007ffb60872000 	C:\Users\agus4\.jdks\temurin-17.0.10\bin\server\jvm.dll
0x00007ffc4c520000 - 0x00007ffc4c5d3000 	C:\WINDOWS\System32\ADVAPI32.dll
0x00007ffc4ac80000 - 0x00007ffc4ad26000 	C:\WINDOWS\System32\sechost.dll
0x00007ffc4c200000 - 0x00007ffc4c316000 	C:\WINDOWS\System32\RPCRT4.dll
0x00007ffc48c70000 - 0x00007ffc48cbe000 	C:\WINDOWS\SYSTEM32\POWRPROF.dll
0x00007ffc44600000 - 0x00007ffc4460a000 	C:\WINDOWS\SYSTEM32\WSOCK32.dll
0x00007ffc3bee0000 - 0x00007ffc3bf16000 	C:\WINDOWS\SYSTEM32\WINMM.dll
0x00007ffc4a9b0000 - 0x00007ffc4aa24000 	C:\WINDOWS\System32\WS2_32.dll
0x00007ffc42de0000 - 0x00007ffc42deb000 	C:\WINDOWS\SYSTEM32\VERSION.dll
0x00007ffc48bd0000 - 0x00007ffc48be4000 	C:\WINDOWS\SYSTEM32\UMPDC.dll
0x00007ffc48910000 - 0x00007ffc4892a000 	C:\WINDOWS\SYSTEM32\kernel.appcore.dll
0x00007ffc2f430000 - 0x00007ffc2f43a000 	C:\Users\agus4\.jdks\temurin-17.0.10\bin\jimage.dll
0x00007ffc46f10000 - 0x00007ffc47151000 	C:\WINDOWS\SYSTEM32\DBGHELP.DLL
0x00007ffc4b930000 - 0x00007ffc4bcae000 	C:\WINDOWS\System32\combase.dll
0x00007ffc4c010000 - 0x00007ffc4c0e6000 	C:\WINDOWS\System32\OLEAUT32.dll
0x00007ffc2f7a0000 - 0x00007ffc2f7d9000 	C:\WINDOWS\SYSTEM32\dbgcore.DLL
0x00007ffc4a470000 - 0x00007ffc4a509000 	C:\WINDOWS\System32\bcryptPrimitives.dll
0x00007ffc2c670000 - 0x00007ffc2c695000 	C:\Users\agus4\.jdks\temurin-17.0.10\bin\java.dll
0x00007ffc1a3d0000 - 0x00007ffc1a4a7000 	C:\Users\agus4\.jdks\temurin-17.0.10\bin\jsvml.dll
0x00007ffc4ad30000 - 0x00007ffc4b43b000 	C:\WINDOWS\System32\SHELL32.dll
0x00007ffc47780000 - 0x00007ffc47fbd000 	C:\WINDOWS\SYSTEM32\windows.storage.dll
0x00007ffc4c380000 - 0x00007ffc4c46a000 	C:\WINDOWS\System32\SHCORE.dll
0x00007ffc4a950000 - 0x00007ffc4a9ad000 	C:\WINDOWS\System32\shlwapi.dll
0x00007ffc49980000 - 0x00007ffc499ae000 	C:\WINDOWS\SYSTEM32\profapi.dll
0x00007ffc213f0000 - 0x00007ffc21409000 	C:\Users\agus4\.jdks\temurin-17.0.10\bin\net.dll
0x00007ffc41a50000 - 0x00007ffc41b6e000 	C:\WINDOWS\SYSTEM32\WINHTTP.dll
0x00007ffc48ec0000 - 0x00007ffc48f28000 	C:\WINDOWS\system32\mswsock.dll
0x00007ffc20e10000 - 0x00007ffc20e26000 	C:\Users\agus4\.jdks\temurin-17.0.10\bin\nio.dll
0x00007ffc28650000 - 0x00007ffc28668000 	C:\Users\agus4\.jdks\temurin-17.0.10\bin\zip.dll
0x00007ffc2f410000 - 0x00007ffc2f420000 	C:\Users\agus4\.jdks\temurin-17.0.10\bin\verify.dll
0x00007ffc29850000 - 0x00007ffc29859000 	C:\Users\agus4\.jdks\temurin-17.0.10\bin\management.dll
0x00007ffc28640000 - 0x00007ffc2864b000 	C:\Users\agus4\.jdks\temurin-17.0.10\bin\management_ext.dll
0x00007ffc4c370000 - 0x00007ffc4c378000 	C:\WINDOWS\System32\PSAPI.DLL
0x00007ffc27e30000 - 0x00007ffc27e48000 	C:\WINDOWS\system32\napinsp.dll
0x00007ffc48430000 - 0x00007ffc48555000 	C:\WINDOWS\SYSTEM32\DNSAPI.dll
0x00007ffc48360000 - 0x00007ffc48393000 	C:\WINDOWS\SYSTEM32\IPHLPAPI.DLL
0x00007ffc4b8f0000 - 0x00007ffc4b8fa000 	C:\WINDOWS\System32\NSI.dll
0x00007ffc298a0000 - 0x00007ffc298b2000 	C:\WINDOWS\System32\winrnr.dll
0x00007ffc232d0000 - 0x00007ffc232f2000 	C:\WINDOWS\system32\nlansp_c.dll
0x00007ffc40ee0000 - 0x00007ffc40ef6000 	C:\WINDOWS\system32\wshbth.dll
0x00007ffc42710000 - 0x00007ffc4271b000 	C:\Windows\System32\rasadhlp.dll
0x00007ffc3cdb0000 - 0x00007ffc3ce35000 	C:\WINDOWS\System32\fwpuclnt.dll
0x00007ffc49160000 - 0x00007ffc4917c000 	C:\WINDOWS\SYSTEM32\CRYPTSP.dll
0x00007ffc48870000 - 0x00007ffc488a8000 	C:\WINDOWS\system32\rsaenh.dll
0x00007ffc48f60000 - 0x00007ffc48f8b000 	C:\WINDOWS\SYSTEM32\USERENV.dll
0x00007ffc49330000 - 0x00007ffc49356000 	C:\WINDOWS\SYSTEM32\bcrypt.dll
0x00007ffc49180000 - 0x00007ffc4918c000 	C:\WINDOWS\SYSTEM32\CRYPTBASE.dll
0x00007ffc41d40000 - 0x00007ffc41d5e000 	C:\WINDOWS\SYSTEM32\dhcpcsvc6.DLL
0x00007ffc41d10000 - 0x00007ffc41d35000 	C:\WINDOWS\SYSTEM32\dhcpcsvc.DLL

dbghelp: loaded successfully - version: 4.0.5 - missing functions: none
symbol engine: initialized successfully - sym options: 0x614 - pdb path: .;C:\Users\agus4\.jdks\temurin-17.0.10\bin;C:\WINDOWS\SYSTEM32;C:\WINDOWS\WinSxS\amd64_microsoft.windows.common-controls_6595b64144ccf1df_6.0.26100.2702_none_3e069454e335fc5e;C:\Users\agus4\.jdks\temurin-17.0.10\bin\server

VM Arguments:
jvm_args: -Dforge.logging.console.level=debug -Dforge.logging.markers=REGISTRIES -DignoreList=bootstraplauncher,securejarhandler,asm-commons,asm-util,asm-analysis,asm-tree,asm,JarJarFileSystems,client-extra,fmlcore,javafmllanguage,lowcodelanguage,mclanguage,forge- -Djava.net.preferIPv6Addresses=system -DlegacyClassPath.file=A:\WORKSPACE-PERSONAL\Minecraft\Mods\urumod\build\classpath\runData_minecraftClasspath.txt -DmergeModules=jna-5.10.0.jar,jna-platform-5.10.0.jar --module-path=C:\Users\agus4\.gradle\caches\modules-2\files-2.1\cpw.mods\bootstraplauncher\1.1.2\c546e00443d8432cda6baa1c860346980742628\bootstraplauncher-1.1.2.jar;C:\Users\agus4\.gradle\caches\modules-2\files-2.1\cpw.mods\securejarhandler\2.1.6\66c15fc1f522b586476e9e4cccd0cbe192554e8a\securejarhandler-2.1.6.jar;C:\Users\agus4\.gradle\caches\modules-2\files-2.1\org.ow2.asm\asm-commons\9.5\19ab5b5800a3910d30d3a3e64fdb00fd0cb42de0\asm-commons-9.5.jar;C:\Users\agus4\.gradle\caches\modules-2\files-2.1\org.ow2.asm\asm-util\9.5\64b5a1fc8c1b15ed2efd6a063e976bc8d3dc5ffe\asm-util-9.5.jar;C:\Users\agus4\.gradle\caches\modules-2\files-2.1\org.ow2.asm\asm-analysis\9.5\490bacc77de7cbc0be1a30bb3471072d705be4a4\asm-analysis-9.5.jar;C:\Users\agus4\.gradle\caches\modules-2\files-2.1\org.ow2.asm\asm-tree\9.5\fd33c8b6373abaa675be407082fdfda35021254a\asm-tree-9.5.jar;C:\Users\agus4\.gradle\caches\modules-2\files-2.1\org.ow2.asm\asm\9.5\dc6ea1875f4d64fbc85e1691c95b96a3d8569c90\asm-9.5.jar;C:\Users\agus4\.gradle\caches\modules-2\files-2.1\net.minecraftforge\JarJarFileSystems\0.3.19\2464eb7d6b9ddb9db36a82cf8a95193e5c6fe020\JarJarFileSystems-0.3.19.jar --add-modules=ALL-MODULE-PATH --add-opens=java.base/java.util.jar=cpw.mods.securejarhandler --add-opens=java.base/java.lang.invoke=cpw.mods.securejarhandler --add-exports=java.base/sun.security.util=cpw.mods.securejarhandler --add-exports=jdk.naming.dns/com.sun.jndi.dns=java.naming -Dfile.encoding=windows-1252 -Duser.country=US -Duser.language=en -Duser.variant 
java_command: cpw.mods.bootstraplauncher.BootstrapLauncher --launchTarget forgedatauserdev --assetIndex 5 --assetsDir C:\Users\agus4\.gradle\caches\forge_gradle\assets --gameDir . --fml.forgeVersion 46.0.1 --fml.mcVersion 1.20 --fml.forgeGroup net.minecraftforge --fml.mcpVersion 20230608.053357 --mod urumod --all --output A:\WORKSPACE-PERSONAL\Minecraft\Mods\urumod\src\generated\resources --existing A:\WORKSPACE-PERSONAL\Minecraft\Mods\urumod\src\main\resources
java_class_path (initial): A:\WORKSPACE-PERSONAL\Minecraft\Mods\urumod\build\classes\java\main;A:\WORKSPACE-PERSONAL\Minecraft\Mods\urumod\build\resources\main;C:\Users\agus4\.gradle\caches\forge_gradle\minecraft_user_repo\net\minecraftforge\forge\1.20-46.0.1_mapped_parchment_1.19.2-2022.08.14-1.20\forge-1.20-46.0.1_mapped_parchment_1.19.2-2022.08.14-1.20.jar;C:\Users\agus4\.gradle\caches\forge_gradle\minecraft_repo\versions\1.20\client-extra.jar;C:\Users\agus4\.gradle\caches\modules-2\files-2.1\net.minecraftforge\javafmllanguage\1.20-46.0.1\9b92f3931eb3757940e3ec534dabf179226314d5\javafmllanguage-1.20-46.0.1.jar;C:\Users\agus4\.gradle\caches\modules-2\files-2.1\net.minecraftforge\lowcodelanguage\1.20-46.0.1\431534fa9301b41384e4e89122d7aa8bdf75e9a7\lowcodelanguage-1.20-46.0.1.jar;C:\Users\agus4\.gradle\caches\modules-2\files-2.1\net.minecraftforge\mclanguage\1.20-46.0.1\296c1c2e13e8f6805a0c125b18ed4aae3a153584\mclanguage-1.20-46.0.1.jar;C:\Users\agus4\.gradle\caches\modules-2\files-2.1\net.minecraftforge\fmlcore\1.20-46.0.1\d159a494679c4b6f0a323869c432aff1b1b89b77\fmlcore-1.20-46.0.1.jar;C:\Users\agus4\.gradle\caches\modules-2\files-2.1\net.minecraftforge\fmlloader\1.20-46.0.1\5c1cb230fa7506248e7c2c7e724d332443b30c80\fmlloader-1.20-46.0.1.jar;C:\Users\agus4\.gradle\caches\modules-2\files-2.1\net.minecraftforge\JarJarSelector\0.3.19\376cc9c8ea60720cf027c01fc033de915699801c\JarJarSelector-0.3.19.jar;C:\Users\agus4\.gradle\caches\modules-2\files-2.1\net.minecraftforge\JarJarMetadata\0.3.19\83feaa9b770e6ac0e96ee4fc23fa89325c5fe2\JarJarMetadata-0.3.19.jar;C:\Users\agus4\.gradle\caches\modules-2\files-2.1\com.google.guava\guava\31.1-jre\60458f877d055d0c9114d9e1a2efb737b4bc282c\guava-31.1-jre.jar;C:\Users\agus4\.gradle\caches\modules-2\files-2.1\com.google.code.findbugs\jsr305\3.0.2\25ea2e8b0c338a877313bd4672d3fe056ea78f0d\jsr305-3.0.2.jar;C:\Users\agus4\.gradle\caches\modules-2\files-2.1\ca.weblite\java-objc-bridge\1.1\1227f9e0666314f9de41477e3ec277e542ed7f7b\java-objc-
Launcher Type: SUN_STANDARD

[Global flags]
     intx CICompilerCount                          = 4                                         {product} {ergonomic}
     uint ConcGCThreads                            = 3                                         {product} {ergonomic}
     uint G1ConcRefinementThreads                  = 10                                        {product} {ergonomic}
   size_t G1HeapRegionSize                         = 4194304                                   {product} {ergonomic}
    uintx GCDrainStackTargetSize                   = 64                                        {product} {ergonomic}
   size_t InitialHeapSize                          = 536870912                                 {product} {ergonomic}
   size_t MarkStackSize                            = 4194304                                   {product} {ergonomic}
   size_t MaxHeapSize                              = 8573157376                                {product} {ergonomic}
   size_t MaxNewSize                               = 5142216704                                {product} {ergonomic}
   size_t MinHeapDeltaBytes                        = 4194304                                   {product} {ergonomic}
   size_t MinHeapSize                              = 8388608                                   {product} {ergonomic}
    uintx NonNMethodCodeHeapSize                   = 5839372                                {pd product} {ergonomic}
    uintx NonProfiledCodeHeapSize                  = 122909434                              {pd product} {ergonomic}
    uintx ProfiledCodeHeapSize                     = 122909434                              {pd product} {ergonomic}
    uintx ReservedCodeCacheSize                    = 251658240                              {pd product} {ergonomic}
     bool SegmentedCodeCache                       = true                                      {product} {ergonomic}
   size_t SoftMaxHeapSize                          = 8573157376                             {manageable} {ergonomic}
     bool UseCompressedClassPointers               = true                           {product lp64_product} {ergonomic}
     bool UseCompressedOops                        = true                           {product lp64_product} {ergonomic}
     bool UseG1GC                                  = true                                      {product} {ergonomic}
     bool UseLargePagesIndividualAllocation        = false                                  {pd product} {ergonomic}

Logging:
Log output configuration:
 #0: stdout all=warning uptime,level,tags
 #1: stderr all=off uptime,level,tags

Environment Variables:
JAVA_HOME=C:\Program Files\Java\jre1.8.0_291
PATH=C:\Program Files\Oculus\Support\oculus-runtime;C:\Program Files\Common Files\Oracle\Java\javapath;C:\Program Files\Microsoft MPI\Bin\;C:\Program Files\PlasticSCM5\server;C:\Program Files\PlasticSCM5\client;C:\Program Files (x86)\Razer Chroma SDK\bin;C:\Program Files\Razer Chroma SDK\bin;C:\Program Files (x86)\Razer\ChromaBroadcast\bin;C:\Program Files\Razer\ChromaBroadcast\bin;C:\Program Files\AdoptOpenJDK\jdk-8.0.252.09-hotspot\bin;C:\Program Files (x86)\Common Files\Oracle\Java\javapath;C:\Python27\Lib;C:\Python27\DLLs;C:\Python27\Lib\lib-tk;C:\WINDOWS\System32\WindowsPowerShell\v1.0;C:\Users\agus4\gradle-6.7.1\bin;c:\windows\system32;C:\Program Files\dotnet\;C:\WINDOWS\system32;C:\WINDOWS;C:\WINDOWS\System32\Wbem;C:\WINDOWS\System32\WindowsPowerShell\v1.0\;C:\WINDOWS\System32\OpenSSH\;C:\Program Files\Git\cmd;C:\apache-maven-2.2.1\bin;C:\gradle-5.5.1\bin;C:\WINDOWS\system32\config\systemprofile\AppData\Local\Microsoft\WindowsApps;C:\Program Files\MySQL\MySQL Shell 8.0\bin\;C:\Users\agus4\AppData\Local\Microsoft\WindowsApps;C:\Users\agus4\AppData\Local\Programs\Microsoft VS Code\bin;C:\Users\agus4\.dotnet\tools;C:\Users\agus4\AppData\Roaming\npm;C:\ProgramData\chocolatey\bin;C:\Program Files\Docker\Docker\resources\bin;C:\ProgramData\DockerDesktop\version-bin;C:\Program Files\Azure Data Studio\bin;C:\Program Files (x86)\NVIDIA Corporation\PhysX\Common;C:\Program Files (x86)\;C:\Program Files\Crucial\Crucial Storage Executive;C:\Program Files\NVIDIA Corporation\NVIDIA App\NvDLISR;C:\Program Files\PuTTY\;C:\Program Files\Java\jdk-22\bin;%SystemRoot%\system32;%SystemRoot%;%SystemRoot%\System32\Wbem;%SYSTEMROOT%\System32\WindowsPowerShell\v1.0\;%SYSTEMROOT%\System32\OpenSSH\;C:\Users\agus4\AppData\Local\Programs\Python\Python310\Scripts\;C:\Users\agus4\AppData\Local\Programs\Python\Python310\;C:\Users\agus4\AppData\Local\Programs\Python\Python311\Scripts\;C:\Users\agus4\AppData\Local\Programs\Python\Python311\;C:\Users\agus4\AppData\Local\Programs\Python\Python312\S
USERNAME=agus4
OS=Windows_NT
PROCESSOR_IDENTIFIER=AMD64 Family 25 Model 33 Stepping 2, AuthenticAMD
TMP=C:\Users\agus4\AppData\Local\Temp
TEMP=C:\Users\agus4\AppData\Local\Temp



Periodic native trim disabled


---------------  S Y S T E M  ---------------

OS:
 Windows 11 , 64 bit Build 26100 (10.0.26100.2992)
OS uptime: 0 days 1:30 hours

CPU: total 12 (initial active 12) (12 cores per cpu, 2 threads per core) family 25 model 33 stepping 2 microcode 0xa20120a, cx8, cmov, fxsr, ht, mmx, 3dnowpref, sse, sse2, sse3, ssse3, sse4a, sse4.1, sse4.2, popcnt, lzcnt, tsc, tscinvbit, avx, avx2, aes, erms, clmul, bmi1, bmi2, adx, sha, fma, vzeroupper, clflush, clflushopt
Processor Information for all 12 processors :
  Max Mhz: 3701, Current Mhz: 3701, Mhz Limit: 3701

Memory: 4k page, system-wide physical 32692M (14243M free)
TotalPageFile size 38580M (AvailPageFile size 12456M)
current process WorkingSet (physical memory assigned to process): 497M, peak: 612M
current process commit charge ("private bytes"): 540M, peak: 699M

vm_info: OpenJDK 64-Bit Server VM (17.0.10+7) for windows-amd64 JRE (17.0.10+7), built on Jan 16 2024 23:25:11 by "admin" with MS VC++ 16.10 / 16.11 (VS2019)

END.
